Searching for SampleServer on 00:0C:BF:16:FF:95
connecting to "None" on 00:0C:BF:16:FF:95
6 None 00:0C:BF:16:FF:95
connected.
RS -> ERROR
AA -> ERROR
AA TIMEOUT
AB -> ERROR
AB -> ERROR
AC -> ERROR
AC -> ERROR
AD -> ERROR
AD TIMEOUT
AE -> ERROR
AE -> ERROR
AF -> ERROR
AF TIMEOUT
AG TIMEOUT
RESET!
RS -> ACK
ID -> C000S01130
AH TIMEOUT
RESET!
RS -> ACK
ID -> C000S01130
AI -> ERROR
AI -> ERROR
AJ -> ERROR
AJ TIMEOUT
AK -> ERROR
AK -> ERROR
AL -> ERROR
AL TIMEOUT
AM TIMEOUT
RESET!
RS -> ACK
ID -> C000S01130
AN TIMEOUT
RESET!
RS -> ACK
ID -> C000S01130
AO TIMEOUT
RESET!
RS -> ACK
ID -> C000S01130
AP -> ERROR
AP -> ERROR
AQ -> ERROR
AQ TIMEOUT
AR -> ERROR
AR -> ERROR
AS -> ERROR
AS -> ERROR
AT -> ERROR
AT TIMEOUT
AU TIMEOUT
RESET!
RS -> ACK
ID -> C000S01130
AV -> ERROR
AV -> ERROR
AW -> ERROR
AW TIMEOUT
AX TIMEOUT
RESET!
RS -> ACK
ID -> C000S01130
AY TIMEOUT
RESET!
RS -> ACK
ID -> C000S01130
AZ TIMEOUT
RESET!
RS -> ACK
ID -> C000S01130
BA -> ERROR
BA -> ERROR
BB -> ERROR
BB -> ERROR
BC -> ERROR
BC -> ERROR
BD -> ERROR
BD -> ERROR
BE -> ERROR
BE -> ERROR
BF -> ERROR
BF -> ERROR
BG -> ERROR
BG -> ERROR
BH -> ERROR
BH -> ERROR
BI -> ERROR
BI -> ERROR
BJ -> ERROR
BJ -> ERROR
BK -> ERROR
BK -> ERROR
BL -> 000	000	000	000	01	0000	00:00	005
BL -> 000	000	000	000	01	0000	00:00	005
BM -> ERROR
BM -> ERROR
BN -> ERROR
BN -> ERROR
BO -> ERROR
BO -> ERROR
BP -> ERROR
BP -> ERROR
BQ -> ERROR
BQ -> ERROR
BR -> ERROR
BR -> ERROR
BS -> 000	000	000	000	01	0000	00:00	005
BS -> 000	000	000	000	01	0000	00:00	005
BT -> ERROR
BT -> ERROR
BU -> ERROR
BU -> ERROR
BV -> ERROR
BV -> ERROR
BW -> ERROR
BW -> ERROR
BX -> ERROR
BX -> ERROR
BY -> ERROR
BY -> ERROR
BZ -> ERROR
BZ -> ERROR
CA -> 07988-726-1017
CA -> 07988-726-1017
CB -> ERROR
CB -> ERROR
CC -> ERROR
CC -> ERROR
CD -> ERROR
CD -> ERROR
CE -> ERROR
CE -> ERROR
CF -> ERROR
CF -> ERROR
CG -> ERROR
CG -> ERROR
CH -> ERROR
CH -> ERROR
CI -> ERROR
CI -> ERROR
CJ -> ERROR
CJ -> ERROR
CK -> ERROR
CK -> ERROR
CL -> ERROR
CL -> ERROR
CM -> ERROR
CM -> ACK
CN -> ERROR
CN -> ERROR
CO -> ERROR
CO -> ERROR
CP -> ERROR
CP -> ERROR
CQ -> ERROR
CQ -> ERROR
CR -> ERROR
CR -> ERROR
CS -> ERROR
CS -> ERROR
CT -> ERROR
CT -> ERROR
CU -> ERROR
CU -> ERROR
CV -> ERROR
CV -> ERROR
CW -> ERROR
CW -> ERROR
CX -> ERROR
CX -> ERROR
CY -> ERROR
CY -> ERROR
CZ -> ERROR
CZ -> ERROR
DA -> ERROR
DA TIMEOUT
DB -> ERROR
DB -> ERROR
DC -> ERROR
DC -> ERROR
DD -> ERROR
DD TIMEOUT
DE -> ERROR
DE -> ERROR
DF -> ERROR
DF TIMEOUT
DG TIMEOUT
RESET!
RS -> ACK
ID -> C000S01130
DH TIMEOUT
RESET!
RS -> ACK
ID -> C000S01130
DI -> ERROR
DI -> ERROR
DJ -> ERROR
DJ TIMEOUT
DK -> ERROR
DK -> ERROR
DL -> ERROR
DL TIMEOUT
DM TIMEOUT
RESET!
RS -> ACK
ID -> C000S01130
DN TIMEOUT
RESET!
RS -> ACK
ID -> C000S01130
DO TIMEOUT
RESET!
RS -> ACK
ID -> C000S01130
DP -> ERROR
DP -> ERROR
DQ -> ERROR
DQ TIMEOUT
DR -> ERROR
DR -> ERROR
DS -> ERROR
DS -> ERROR
DT -> ERROR
DT TIMEOUT
DU TIMEOUT
RESET!
RS -> ACK
ID -> C000S01130
DV -> ERROR
DV -> ERROR
DW -> ERROR
DW TIMEOUT
DX TIMEOUT
RESET!
RS -> ACK
ID -> C000S01130
DY TIMEOUT
RESET!
RS -> ACK
ID -> C000S01130
DZ TIMEOUT
RESET!
RS -> ACK
ID -> C000S01130
EA -> ERROR
EA -> ERROR
EB -> ERROR
EB -> ERROR
EC -> ERROR
EC -> ERROR
ED -> ERROR
ED -> ERROR
EE -> ERROR
EE -> ERROR
EF -> ERROR
EF -> ERROR
EG -> ERROR
EG -> ERROR
EH -> ERROR
EH -> ERROR
EI -> ERROR
EI -> ERROR
EJ -> ERROR
EJ -> ERROR
EK -> ERROR
EK -> ERROR
EL -> ERROR
EL -> ERROR
EM -> ERROR
EM -> ERROR
EN -> ERROR
EN -> ERROR
EO -> ERROR
EO -> ERROR
EP -> ERROR
EP -> ERROR
EQ -> ERROR
EQ -> ERROR
ER -> ERROR
ER -> ERROR
ES -> ERROR
ES -> ERROR
ET -> ERROR
ET -> ERROR
EU -> ERROR
EU -> ERROR
EV -> ERROR
EV -> ERROR
EW -> ERROR
EW -> ERROR
EX -> ERROR
EX -> ERROR
EY -> ERROR
EY -> ERROR
EZ -> ERROR
EZ -> ERROR
FA -> ERROR
FA TIMEOUT
FB -> ERROR
FB -> ERROR
FC -> ERROR
FC -> ERROR
FD -> ERROR
FD TIMEOUT
FE -> ERROR
FE -> ERROR
FF -> ERROR
FF TIMEOUT
FG TIMEOUT
RESET!
RS -> ACK
ID -> C000S01130
FH TIMEOUT
RESET!
RS -> ACK
ID -> C000S01130
FI -> ERROR
FI -> ERROR
FJ -> ERROR
FJ TIMEOUT
FK -> ERROR
FK -> ERROR
FL -> ERROR
FL TIMEOUT
FM TIMEOUT
RESET!
RS -> ACK
ID -> C000S01130
FN TIMEOUT
RESET!
RS -> ACK
ID -> C000S01130
FO TIMEOUT
RESET!
RS -> ACK
ID -> C000S01130
FP -> ERROR
FP -> ERROR
FQ -> ERROR
FQ TIMEOUT
FR -> ERROR
FR -> ERROR
FS -> ERROR
FS -> ERROR
FT -> ERROR
FT TIMEOUT
FU TIMEOUT
RESET!
RS -> ACK
ID -> C000S01130
FV -> ERROR
FV -> ERROR
FW -> ERROR
FW TIMEOUT
FX TIMEOUT
RESET!
RS -> ACK
ID -> C000S01130
FY TIMEOUT
RESET!
RS -> ACK
ID -> C000S01130
FZ TIMEOUT
RESET!
RS -> ACK
ID -> C000S01130
GA TIMEOUT
RESET!
RS -> ACK
ID -> C000S01130
GB -> ERROR
GB -> ERROR
GC -> ERROR
GC -> ERROR
GD -> ERROR
GD TIMEOUT
GE -> ERROR
GE -> ERROR
GF -> ERROR
GF TIMEOUT
GG TIMEOUT
RESET!
RS -> ACK
ID -> C000S01130
GH TIMEOUT
RESET!
RS -> ACK
ID -> C000S01130
GI -> ERROR
GI -> ERROR
GJ -> ERROR
GJ TIMEOUT
GK -> ERROR
GK -> ERROR
GL -> ERROR
GL TIMEOUT
GM TIMEOUT
RESET!
RS -> ACK
ID -> C000S01130
GN TIMEOUT
RESET!
RS -> ACK
ID -> C000S01130
GO TIMEOUT
RESET!
RS -> ACK
ID -> C000S01130
GP -> ERROR
GP -> ERROR
GQ -> ERROR
GQ TIMEOUT
GR -> ERROR
GR -> ERROR
GS -> ERROR
GS -> ERROR
GT -> ERROR
GT TIMEOUT
GU TIMEOUT
RESET!
RS -> ACK
ID -> C000S01130
GV -> ERROR
GV -> ERROR
GW -> ERROR
GW TIMEOUT
GX TIMEOUT
RESET!
RS -> ACK
ID -> C000S01130
GY TIMEOUT
RESET!
RS -> ACK
ID -> C000S01130
GZ TIMEOUT
RESET!
RS -> ACK
ID -> C000S01130
HA TIMEOUT
RESET!
RS -> ACK
ID -> C000S01130
HB -> ERROR
HB -> ERROR
HC -> ERROR
HC -> ERROR
HD -> ERROR
HD TIMEOUT
HE -> ERROR
HE -> ERROR
HF -> ERROR
HF TIMEOUT
HG TIMEOUT
RESET!
RS -> ACK
ID -> C000S01130
HH TIMEOUT
RESET!
RS -> ACK
ID -> C000S01130
HI -> ERROR
HI -> ERROR
HJ -> ERROR
HJ TIMEOUT
HK -> ERROR
HK -> ERROR
HL -> ERROR
HL TIMEOUT
HM TIMEOUT
RESET!
RS -> ACK
ID -> C000S01130
HN TIMEOUT
RESET!
RS -> ACK
ID -> C000S01130
HO TIMEOUT
RESET!
RS -> ACK
ID -> C000S01130
HP -> ERROR
HP -> ERROR
HQ -> ERROR
HQ TIMEOUT
HR -> ERROR
HR -> ERROR
HS -> ERROR
HS -> ERROR
HT -> ERROR
HT TIMEOUT
HU TIMEOUT
RESET!
RS -> ACK
ID -> C000S01130
HV -> ERROR
HV -> ERROR
HW -> ERROR
HW TIMEOUT
HX TIMEOUT
RESET!
RS -> ACK
ID -> C000S01130
HY TIMEOUT
RESET!
RS -> ACK
ID -> C000S01130
HZ TIMEOUT
RESET!
RS -> ACK
ID -> C000S01130
IA -> ERROR
IA -> ERROR
IB -> ERROR
IB -> ERROR
IC -> ERROR
IC -> ERROR
ID -> ERROR
ID -> C000S01130
IE -> ERROR
IE -> ERROR
IF -> ERROR
IF -> ERROR
IG -> ERROR
IG -> ERROR
IH -> ERROR
IH -> ERROR
II -> ERROR
II -> ERROR
IJ -> ERROR
IJ -> ERROR
IK -> ERROR
IK -> ERROR
IL -> ERROR
IL -> ERROR
IM -> ERROR
IM -> ERROR
IN -> ERROR
IN -> ERROR
IO -> ERROR
IO -> ERROR
IP -> ERROR
IP -> ERROR
IQ -> ERROR
IQ -> ERROR
IR -> ERROR
IR -> ERROR
IS -> ERROR
IS -> ERROR
IT -> ERROR
IT -> ERROR
IU -> ERROR
IU -> ERROR
IV -> ERROR
IV -> ERROR
IW -> ERROR
IW -> ERROR
IX -> ERROR
IX -> ERROR
IY -> ERROR
IY -> ERROR
IZ -> ERROR
IZ -> ERROR
JA -> ERROR
JA TIMEOUT
JB -> ERROR
JB -> ERROR
JC -> ERROR
JC -> ERROR
JD -> ERROR
JD TIMEOUT
JE -> ERROR
JE -> ERROR
JF -> ERROR
JF TIMEOUT
JG TIMEOUT
RESET!
RS -> ACK
ID -> C000S01130
JH TIMEOUT
RESET!
RS -> ACK
ID -> C000S01130
JI -> ERROR
JI -> ERROR
JJ -> ERROR
JJ TIMEOUT
JK -> ERROR
JK -> ERROR
JL -> ERROR
JL TIMEOUT
JM TIMEOUT
RESET!
RS -> ACK
ID -> C000S01130
JN TIMEOUT
RESET!
RS -> ACK
ID -> C000S01130
JO TIMEOUT
RESET!
RS -> ACK
ID -> C000S01130
JP -> ERROR
JP -> ERROR
JQ -> ERROR
JQ TIMEOUT
JR -> ERROR
JR -> ERROR
JS -> ERROR
JS -> ERROR
JT -> ERROR
JT TIMEOUT
JU TIMEOUT
RESET!
RS -> ACK
ID -> C000S01130
JV -> ERROR
JV -> ERROR
JW -> ERROR
JW TIMEOUT
JX TIMEOUT
RESET!
RS -> ACK
ID -> C000S01130
JY TIMEOUT
RESET!
RS -> ACK
ID -> C000S01130
JZ TIMEOUT
RESET!
RS -> ACK
ID -> C000S01130
KA -> ERROR
KA -> ERROR
KB -> ERROR
KB -> ERROR
KC -> ERROR
KC -> ERROR
KD -> ERROR
KD -> ERROR
KE -> ERROR
KE -> ERROR
KF -> ERROR
KF -> ERROR
KG -> ERROR
KG -> ERROR
KH -> ERROR
KH -> ERROR
KI -> ERROR
KI -> ERROR
KJ -> ERROR
KJ -> ERROR
KK -> ERROR
KK -> ERROR
KL -> ERROR
KL -> ERROR
KM -> ERROR
KM -> ERROR
KN -> ERROR
KN -> ERROR
KO -> ERROR
KO -> ERROR
KP -> ERROR
KP -> ERROR
KQ -> ERROR
KQ -> ERROR
KR -> ERROR
KR -> ERROR
KS -> ERROR
KS -> ERROR
KT -> ERROR
KT -> ERROR
KU -> ERROR
KU -> ERROR
KV -> ERROR
KV -> ERROR
KW -> ERROR
KW -> ERROR
KX -> ERROR
KX -> ERROR
KY -> ERROR
KY -> ERROR
KZ -> ERROR
KZ -> ERROR
LA -> ERROR
LA TIMEOUT
LB -> ERROR
LB -> ERROR
LC -> ERROR
LC -> ERROR
LD -> ERROR
LD TIMEOUT
LE -> ERROR
LE -> ERROR
LF -> ERROR
LF TIMEOUT
LG TIMEOUT
RESET!
RS -> ACK
ID -> C000S01130
LH TIMEOUT
RESET!
RS -> ACK
ID -> C000S01130
LI -> ERROR
LI -> ERROR
LJ -> ERROR
LJ TIMEOUT
LK -> ERROR
LK -> ERROR
LL -> ERROR
LL TIMEOUT
LM TIMEOUT
RESET!
RS -> ACK
ID -> C000S01130
LN TIMEOUT
RESET!
RS -> ACK
ID -> C000S01130
LO TIMEOUT
RESET!
RS -> ACK
ID -> C000S01130
LP -> ERROR
LP -> ERROR
LQ -> ERROR
LQ TIMEOUT
LR -> ERROR
LR -> ERROR
LS -> ERROR
LS -> ERROR
LT -> ERROR
LT TIMEOUT
LU TIMEOUT
RESET!
RS -> ACK
ID -> C000S01130
LV -> ERROR
LV -> ERROR
LW -> ERROR
LW TIMEOUT
LX TIMEOUT
RESET!
RS -> ACK
ID -> C000S01130
LY TIMEOUT
RESET!
RS -> ACK
ID -> C000S01130
LZ TIMEOUT
RESET!
RS -> ACK
ID -> C000S01130
MA TIMEOUT
RESET!
RS -> ACK
ID -> C000S01130
MB -> ERROR
MB -> ERROR
MC -> ERROR
MC -> ERROR
MD -> ERROR
MD TIMEOUT
ME -> ERROR
ME -> ERROR
MF -> ERROR
MF TIMEOUT
MG TIMEOUT
RESET!
RS -> ACK
ID -> C000S01130
MH TIMEOUT
RESET!
RS -> ACK
ID -> C000S01130
MI -> ERROR
MI -> ERROR
MJ -> ERROR
MJ TIMEOUT
MK -> ERROR
MK -> ERROR
ML -> ERROR
ML TIMEOUT
MM TIMEOUT
RESET!
RS -> ACK
ID -> C000S01130
MN TIMEOUT
RESET!
RS -> ACK
ID -> C000S01130
MO TIMEOUT
RESET!
RS -> ACK
ID -> C000S01130
MP -> ERROR
MP -> ERROR
MQ -> ERROR
MQ TIMEOUT
MR -> ERROR
MR -> ERROR
MS -> ERROR
MS -> ERROR
MT -> ERROR
MT TIMEOUT
MU TIMEOUT
RESET!
RS -> ACK
ID -> C000S01130
MV -> ERROR
MV -> ERROR
MW -> ERROR
MW TIMEOUT
MX TIMEOUT
RESET!
RS -> ACK
ID -> C000S01130
MY TIMEOUT
RESET!
RS -> ACK
ID -> C000S01130
MZ TIMEOUT
RESET!
RS -> ACK
ID -> C000S01130
NA TIMEOUT
RESET!
RS -> ACK
ID -> C000S01130
NB -> ERROR
NB -> ERROR
NC -> ERROR
NC -> ERROR
ND -> ERROR
ND TIMEOUT
NE -> ERROR
NE -> ERROR
NF -> ERROR
NF TIMEOUT
NG TIMEOUT
RESET!
RS -> ACK
ID -> C000S01130
NH TIMEOUT
RESET!
RS -> ACK
ID -> C000S01130
NI -> ERROR
NI -> ERROR
NJ -> ERROR
NJ TIMEOUT
NK -> ERROR
NK -> ERROR
NL -> ERROR
NL TIMEOUT
NM TIMEOUT
RESET!
RS -> ACK
ID -> C000S01130
NN TIMEOUT
RESET!
RS -> ACK
ID -> C000S01130
NO TIMEOUT
RESET!
RS -> ACK
ID -> C000S01130
NP -> ERROR
NP -> ERROR
NQ -> ERROR
NQ TIMEOUT
NR -> ERROR
NR -> ERROR
NS -> ERROR
NS -> ERROR
NT -> ERROR
NT TIMEOUT
NU TIMEOUT
RESET!
RS -> ACK
ID -> C000S01130
NV -> ERROR
NV -> ERROR
NW -> ERROR
NW TIMEOUT
NX TIMEOUT
RESET!
RS -> ACK
ID -> C000S01130
NY TIMEOUT
RESET!
RS -> ACK
ID -> C000S01130
NZ TIMEOUT
RESET!
RS -> ACK
ID -> C000S01130
OA TIMEOUT
RESET!
RS -> ACK
ID -> C000S01130
OB -> ERROR
OB -> ERROR
OC -> ERROR
OC -> ERROR
OD -> ERROR
OD TIMEOUT
OE -> ERROR
OE -> ERROR
OF -> ERROR
OF TIMEOUT
OG TIMEOUT
RESET!
RS -> ACK
ID -> C000S01130
OH TIMEOUT
RESET!
RS -> ACK
ID -> C000S01130
OI -> ERROR
OI -> ERROR
OJ -> ERROR
OJ TIMEOUT
OK -> ERROR
OK -> ERROR
OL -> ERROR
OL TIMEOUT
OM TIMEOUT
RESET!
RS -> ACK
ID -> C000S01130
ON TIMEOUT
RESET!
RS -> ACK
ID -> C000S01130
OO TIMEOUT
RESET!
RS -> ACK
ID -> C000S01130
OP -> ERROR
OP -> ERROR
OQ -> ERROR
OQ TIMEOUT
OR -> ERROR
OR -> ERROR
OS -> ERROR
OS -> ERROR
OT -> ERROR
OT TIMEOUT
OU TIMEOUT
RESET!
RS -> ACK
ID -> C000S01130
OV -> ERROR
OV -> ERROR
OW -> ERROR
OW TIMEOUT
OX TIMEOUT
RESET!
RS -> ACK
ID -> C000S01130
OY TIMEOUT
RESET!
RS -> ACK
ID -> C000S01130
OZ TIMEOUT
RESET!
RS -> ACK
ID -> C000S01130
PA -> ERROR
PA -> ERROR
PB -> ERROR
PB -> ERROR
PC -> ERROR
PC -> ERROR
PD -> ERROR
PD -> ERROR
PE -> ERROR
PE -> ERROR
PF -> ERROR
PF -> ERROR
PG -> ERROR
PG -> ERROR
PH -> ERROR
PH -> ERROR
PI -> ERROR
PI -> ERROR
PJ -> ERROR
PJ -> ERROR
PK -> ERROR
PK -> ERROR
PL -> ERROR
PL -> ERROR
PM -> ERROR
PM -> ERROR
PN -> ERROR
PN -> ERROR
PO -> ERROR
PO -> ERROR
PP -> ERROR
PP -> ERROR
PQ -> ERROR
PQ -> ERROR
PR -> ERROR
PR -> ERROR
PS -> ERROR
PS -> ERROR
PT -> ERROR
PT -> ERROR
PU -> ERROR
PU -> ERROR
PV -> ERROR
PV -> ERROR
PW -> ERROR
PW -> 000	000	000	000	025	0000	00:00	005
PX -> ERROR
PX -> ERROR
PY -> ERROR
PY -> ERROR
PZ -> ERROR
PZ -> ERROR
QA TIMEOUT
RESET!
RS -> ACK
ID -> C000S01130
QB -> ERROR
QB -> ERROR
QC -> ERROR
QC -> ERROR
QD -> ERROR
QD TIMEOUT
QE -> ERROR
QE -> ERROR
QF -> ERROR
QF TIMEOUT
QG TIMEOUT
RESET!
RS -> ACK
ID -> C000S01130
QH TIMEOUT
RESET!
RS -> ACK
ID -> C000S01130
QI -> ERROR
QI -> ERROR
QJ -> ERROR
QJ TIMEOUT
QK -> ERROR
QK -> ERROR
QL -> ERROR
QL TIMEOUT
QM TIMEOUT
RESET!
RS -> ACK
ID -> C000S01130
QN TIMEOUT
RESET!
RS -> ACK
ID -> C000S01130
QO TIMEOUT
RESET!
RS -> ACK
ID -> C000S01130
QP -> ERROR
QP -> ERROR
QQ -> ERROR
QQ TIMEOUT
QR -> ERROR
QR -> ERROR
QS -> ERROR
QS -> ERROR
QT -> ERROR
QT TIMEOUT
QU TIMEOUT
RESET!
RS -> ACK
ID -> C000S01130
QV -> ERROR
QV -> ERROR
QW -> ERROR
QW TIMEOUT
QX TIMEOUT
RESET!
RS -> ACK
ID -> C000S01130
QY TIMEOUT
RESET!
RS -> ACK
ID -> C000S01130
QZ TIMEOUT
RESET!
RS -> ACK
ID -> C000S01130
RA -> ERROR
RA -> ERROR
RB -> ERROR
RB -> ERROR
RC -> ERROR
RC -> ERROR
RD -> ERROR
RD -> ERROR
RE -> ERROR
RE -> ERROR
RF -> ERROR
RF -> ERROR
RG -> ERROR
RG -> ERROR
RH -> ERROR
RH -> ERROR
RI -> ERROR
RI -> ERROR
RJ -> ERROR
RJ -> ERROR
RK -> ERROR
RK -> ERROR
RL -> ERROR
RL -> ERROR
RM -> ERROR
RM -> ERROR
RN -> ERROR
RN -> ERROR
RO -> ERROR
RO -> ERROR
RP -> ERROR
RP -> ERROR
RQ -> ERROR
RQ -> ERROR
RR -> ERROR
RR -> ERROR
RS -> ERROR
RS -> ERROR
RT -> ERROR
RT -> ERROR
RU -> ERROR
RU -> ERROR
RV -> ERROR
RV -> ERROR
RW -> ERROR
RW -> ERROR
RX -> ERROR
RX -> ERROR
RY -> ERROR
RY -> ERROR
RZ -> ERROR
RZ -> ERROR
SA -> ERROR
SA -> ERROR
SB -> ERROR
SB -> ERROR
SC -> ERROR
SC -> ERROR
SD -> ERROR
SD -> ERROR
SE -> ERROR
SE -> ERROR
SF -> ERROR
SF -> ERROR
SG -> ERROR
SG -> ERROR
SH -> ERROR
SH -> ERROR
SI -> ERROR
SI -> ERROR
SJ -> ERROR
SJ -> ERROR
SK -> ERROR
SK -> ERROR
SL -> ERROR
SL -> ERROR
SM -> ERROR
SM -> ERROR
SN -> ERROR
SN -> 36A85143	0917000515
SO -> ERROR
SO -> ERROR
SP -> ERROR
SP -> ERROR
SQ -> ERROR
SQ -> ERROR
SR -> ERROR
SR -> ERROR
SS -> ERROR
SS -> ERROR
ST -> ERROR
ST -> 000	000	000	000	025	0000	00:00	005
SU -> ERROR
SU -> ERROR
SV -> ERROR
SV -> ERROR
SW -> ERROR
SW -> ERROR
SX -> ERROR
SX -> ERROR
SY -> ERROR
SY -> ERROR
SZ -> ERROR
SZ -> ERROR
TA -> ERROR
TA TIMEOUT
TB -> ERROR
TB -> ERROR
TC -> ERROR
TC -> ERROR
TD -> ERROR
TD TIMEOUT
TE -> ERROR
TE -> ERROR
TF -> ERROR
TF TIMEOUT
TG TIMEOUT
RESET!
RS -> ACK
ID -> C000S01130
TH TIMEOUT
RESET!
RS -> ACK
ID -> C000S01130
TI -> ERROR
TI -> ERROR
TJ -> ERROR
TJ TIMEOUT
TK -> ERROR
TK -> ERROR
TL -> ERROR
TL TIMEOUT
TM TIMEOUT
RESET!
RS -> ACK
ID -> C000S01130
TN TIMEOUT
RESET!
RS -> ACK
ID -> C000S01130
TO TIMEOUT
RESET!
RS -> ACK
ID -> C000S01130
TP -> ERROR
TP -> ERROR
TQ -> ERROR
TQ TIMEOUT
TR -> ERROR
TR -> ERROR
TS -> ERROR
TS -> ERROR
TT -> ERROR
TT TIMEOUT
TU TIMEOUT
RESET!
RS -> ACK
ID -> C000S01130
TV -> ERROR
TV -> ERROR
TW -> ERROR
TW TIMEOUT
TX TIMEOUT
RESET!
RS -> ACK
ID -> C000S01130
TY TIMEOUT
RESET!
RS -> ACK
ID -> C000S01130
TZ TIMEOUT
RESET!
RS -> ACK
ID -> C000S01130
UA TIMEOUT
RESET!
RS -> ACK
ID -> C000S01130
UB -> ERROR
UB -> ERROR
UC -> ERROR
UC -> ERROR
UD -> ERROR
UD TIMEOUT
UE -> ERROR
UE -> ERROR
UF -> ERROR
UF TIMEOUT
UG TIMEOUT
RESET!
RS -> ACK
ID -> C000S01130
UH TIMEOUT
RESET!
RS -> ACK
ID -> C000S01130
UI -> ERROR
UI -> ERROR
UJ -> ERROR
UJ TIMEOUT
UK -> ERROR
UK -> ERROR
UL -> ERROR
UL TIMEOUT
UM TIMEOUT
RESET!
RS -> ACK
ID -> C000S01130
UN TIMEOUT
RESET!
RS -> ACK
ID -> C000S01130
UO TIMEOUT
RESET!
RS -> ACK
ID -> C000S01130
UP -> ERROR
UP -> ERROR
UQ -> ERROR
UQ TIMEOUT
UR -> ERROR
UR -> ERROR
US -> ERROR
US -> ERROR
UT -> ERROR
UT TIMEOUT
UU TIMEOUT
RESET!
RS -> ACK
ID -> C000S01130
UV -> ERROR
UV -> ERROR
UW -> ERROR
UW TIMEOUT
UX TIMEOUT
RESET!
RS -> ACK
ID -> C000S01130
UY TIMEOUT
RESET!
RS -> ACK
ID -> C000S01130
UZ TIMEOUT
RESET!
RS -> ACK
ID -> C000S01130
VA -> ERROR
VA -> ERROR
VB -> ERROR
VB -> ERROR
VC -> ERROR
VC -> ERROR
VD -> ERROR
VD -> ERROR
VE -> ERROR
VE -> ERROR
VF -> ERROR
VF -> ERROR
VG -> ERROR
VG -> ERROR
VH -> ERROR
VH -> ERROR
VI -> ERROR
VI -> ERROR
VJ -> ERROR
VJ -> ERROR
VK -> ERROR
VK -> ERROR
VL -> ERROR
VL -> ERROR
VM -> ERROR
VM -> ERROR
VN -> ERROR
VN -> ERROR
VO -> ERROR
VO -> ERROR
VP -> ERROR
VP -> ERROR
VQ -> ERROR
VQ -> ERROR
VR -> ERROR
VR -> ERROR
VS -> ERROR
VS -> ERROR
VT -> ERROR
VT -> ERROR
VU -> ERROR
VU -> ERROR
VV -> ERROR
VV -> ERROR
VW -> ERROR
VW -> ERROR
VX -> ERROR
VX -> ERROR
VY -> ERROR
VY -> ERROR
VZ -> ERROR
VZ -> ERROR
WA -> ERROR
WA TIMEOUT
WB -> ERROR
WB -> ERROR
WC -> ERROR
WC -> ERROR
WD -> ERROR
WD TIMEOUT
WE -> ERROR
WE -> ERROR
WF -> ERROR
WF TIMEOUT
WG TIMEOUT
RESET!
RS -> ACK
ID -> C000S01130
WH TIMEOUT
RESET!
RS -> ACK
ID -> C000S01130
WI -> ERROR
WI -> ERROR
WJ -> ERROR
WJ TIMEOUT
WK -> ERROR
WK -> ERROR
WL -> ERROR
WL TIMEOUT
WM TIMEOUT
RESET!
RS -> ACK
ID -> C000S01130
WN TIMEOUT
RESET!
RS -> ACK
ID -> C000S01130
WO TIMEOUT
RESET!
RS -> ACK
ID -> C000S01130
WP -> ERROR
WP -> ERROR
WQ -> ERROR
WQ TIMEOUT
WR -> ERROR
WR -> ERROR
WS -> ERROR
WS -> ERROR
WT -> ERROR
WT TIMEOUT
WU TIMEOUT
RESET!
RS -> ACK
ID -> C000S01130
WV -> ERROR
WV -> ERROR
WW -> ERROR
WW TIMEOUT
WX TIMEOUT
RESET!
RS -> ACK
ID -> C000S01130
WY TIMEOUT
RESET!
RS -> ACK
ID -> C000S01130
WZ TIMEOUT
RESET!
RS -> ACK
ID -> C000S01130
XA TIMEOUT
RESET!
RS -> ACK
ID -> C000S01130
XB -> ERROR
XB -> ERROR
XC -> ERROR
XC -> ERROR
XD -> ERROR
XD TIMEOUT
XE -> ERROR
XE -> ERROR
XF -> ERROR
XF TIMEOUT
XG TIMEOUT
RESET!
RS -> ACK
ID -> C000S01130
XH TIMEOUT
RESET!
RS -> ACK
ID -> C000S01130
XI -> ERROR
XI -> ERROR
XJ -> ERROR
XJ TIMEOUT
XK -> ERROR
XK -> ERROR
XL -> ERROR
XL TIMEOUT
XM TIMEOUT
RESET!
RS -> ACK
ID -> C000S01130
XN TIMEOUT
RESET!
RS -> ACK
ID -> C000S01130
XO TIMEOUT
RESET!
RS -> ACK
ID -> C000S01130
XP -> ERROR
XP -> ERROR
XQ -> ERROR
XQ TIMEOUT
XR -> ERROR
XR -> ERROR
XS -> ERROR
XS -> ERROR
XT -> ERROR
XT TIMEOUT
XU TIMEOUT
RESET!
RS -> ACK
ID -> C000S01130
XV -> ERROR
XV -> ERROR
XW -> ERROR
XW TIMEOUT
XX TIMEOUT
RESET!
RS -> ACK
ID -> C000S01130
XY TIMEOUT
RESET!
RS -> ACK
ID -> C000S01130
XZ TIMEOUT
RESET!
RS -> ACK
ID -> C000S01130
YA TIMEOUT
RESET!
RS -> ACK
ID -> C000S01130
YB -> ERROR
YB -> ERROR
YC -> ERROR
YC -> ERROR
YD -> ERROR
YD TIMEOUT
YE -> ERROR
YE -> ERROR
YF -> ERROR
YF TIMEOUT
YG TIMEOUT
RESET!
RS -> ACK
ID -> C000S01130
YH TIMEOUT
RESET!
RS -> ACK
ID -> C000S01130
YI -> ERROR
YI -> ERROR
YJ -> ERROR
YJ TIMEOUT
YK -> ERROR
YK -> ERROR
YL -> ERROR
YL TIMEOUT
YM TIMEOUT
RESET!
RS -> ACK
ID -> C000S01130
YN TIMEOUT
RESET!
RS -> ACK
ID -> C000S01130
YO TIMEOUT
RESET!
RS -> ACK
ID -> C000S01130
YP -> ERROR
YP -> ERROR
YQ -> ERROR
YQ TIMEOUT
YR -> ERROR
YR -> ERROR
YS -> ERROR
YS -> ERROR
YT -> ERROR
YT TIMEOUT
YU TIMEOUT
RESET!
RS -> ACK
ID -> C000S01130
YV -> ERROR
YV -> ERROR
YW -> ERROR
YW TIMEOUT
YX TIMEOUT
RESET!
RS -> ACK
ID -> C000S01130
YY TIMEOUT
RESET!
RS -> ACK
ID -> C000S01130
YZ TIMEOUT
RESET!
RS -> ACK
ID -> C000S01130
ZA TIMEOUT
RESET!
RS -> ACK
ID -> C000S01130
ZB -> ERROR
ZB -> ERROR
ZC -> ERROR
ZC -> ERROR
ZD -> ERROR
ZD TIMEOUT
ZE -> ERROR
ZE -> ERROR
ZF -> ERROR
ZF TIMEOUT
ZG TIMEOUT
RESET!
RS -> ACK
ID -> C000S01130
ZH TIMEOUT
RESET!
RS -> ACK
ID -> C000S01130
ZI -> ERROR
ZI -> ERROR
ZJ -> ERROR
ZJ TIMEOUT
ZK -> ERROR
ZK -> ERROR
ZL -> ERROR
ZL TIMEOUT
ZM TIMEOUT
RESET!
RS -> ACK
ID -> C000S01130
ZN TIMEOUT
RESET!
RS -> ACK
ID -> C000S01130
ZO TIMEOUT
RESET!
RS -> ACK
ID -> C000S01130
ZP -> ERROR
ZP -> ERROR
ZQ -> ERROR
ZQ TIMEOUT
ZR -> ERROR
ZR -> ERROR
ZS -> ERROR
ZS -> ERROR
ZT -> ERROR
ZT TIMEOUT
ZU TIMEOUT
RESET!
RS -> ACK
ID -> C000S01130
ZV -> ERROR
ZV -> ERROR
ZW -> ERROR
ZW TIMEOUT
ZX TIMEOUT
RESET!
RS -> ACK
ID -> C000S01130
ZY TIMEOUT
RESET!
RS -> ACK
ID -> C000S01130
ZZ TIMEOUT
RESET!
RS -> ACK
ID -> C000S01130
AA TIMEOUT
RESET!
RS -> ACK
ID -> C000S01130
AB -> ERROR
AB -> ERROR
AC -> ERROR
AC -> ERROR
AD -> ERROR
AD TIMEOUT
AE -> ERROR
AE -> ERROR
AF -> ERROR
AF TIMEOUT
AG TIMEOUT
RESET!
RS -> ACK
ID -> C000S01130
AH TIMEOUT
RESET!
RS -> ACK
ID -> C000S01130
AI -> ERROR
AI -> ERROR
AJ -> ERROR
AJ TIMEOUT
AK -> ERROR
AK -> ERROR
AL -> ERROR
AL TIMEOUT
AM TIMEOUT
RESET!
RS -> ACK
ID -> C000S01130
AN TIMEOUT
RESET!
RS -> ACK
ID -> C000S01130
AO TIMEOUT
RESET!
RS -> ACK
ID -> C000S01130
AP -> ERROR
AP -> ERROR
AQ -> ERROR
AQ TIMEOUT
AR -> ERROR
AR -> ERROR
AS -> ERROR
AS -> ERROR
AT -> ERROR
AT TIMEOUT
AU TIMEOUT
RESET!
RS -> ACK
ID -> C000S01130
AV -> ERROR
AV -> ERROR
AW -> ERROR
AW TIMEOUT
AX TIMEOUT
RESET!
RS -> ACK
ID -> C000S01130
AY TIMEOUT
RESET!
RS -> ACK
ID -> C000S01130
AZ TIMEOUT
RESET!
RS -> ACK
ID -> C000S01130
BA -> ERROR
BA -> ERROR
BB -> ERROR
BB -> ERROR
BC -> ERROR
BC -> ERROR
BD -> ERROR
BD -> ERROR
BE -> ERROR
BE -> ERROR
BF -> ERROR
BF -> ERROR
BG -> ERROR
BG -> ERROR
BH -> ERROR
BH -> ERROR
BI -> ERROR
BI -> ERROR
BJ -> ERROR
BJ -> ERROR
BK -> ERROR
BK -> ERROR
BL -> 000	000	000	000	01	0000	00:00	005
BL -> 000	000	000	000	01	0000	00:00	005
BM -> ERROR
BM -> ERROR
BN -> ERROR
BN -> ERROR
BO -> ERROR
BO -> ERROR
BP -> ERROR
BP -> ERROR
BQ -> ERROR
BQ -> ERROR
BR -> ERROR
BR -> ERROR
BS -> 000	000	000	000	01	0000	00:00	005
BS -> 000	000	000	000	01	0000	00:00	005
BT -> ERROR
BT -> ERROR
BU -> ERROR
BU -> ERROR
BV -> ERROR
BV -> ERROR
BW -> ERROR
BW -> ERROR
BX -> ERROR
BX -> ERROR
BY -> ERROR
BY -> ERROR
BZ -> ERROR
BZ -> ERROR
CA -> 07988-726-1017
CA -> 07988-726-1017
CB -> ERROR
CB -> ERROR
CC -> ERROR
CC -> ERROR
CD -> ERROR
CD -> ERROR
CE -> ERROR
CE -> ERROR
CF -> ERROR
CF -> ERROR
CG -> ERROR
CG -> ERROR
CH -> ERROR
CH -> ERROR
CI TIMEOUT
RESET!
RS -> ERROR
ID -> ERROR
CJ -> ERROR
CJ -> ERROR
CK -> ERROR
CK -> ERROR
CL -> ERROR
CL -> ERROR
CM -> ERROR
CM -> ACK
CN -> ERROR
CN -> ERROR
CO -> ERROR
CO -> ERROR
CP -> ERROR
CP -> ERROR
CQ -> ERROR
CQ -> ERROR
CR -> ERROR
CR -> ERROR
CS -> ERROR
CS -> ERROR
CT -> ERROR
CT -> ERROR
CU -> ERROR
CU -> ERROR
CV -> ERROR
CV -> ERROR
CW -> ERROR
CW -> ERROR
CX -> ERROR
CX -> ERROR
CY -> ERROR
CY -> ERROR
CZ -> ERROR
CZ -> ERROR
DA -> ERROR
DA TIMEOUT
DB -> ERROR
DB -> ERROR
DC -> ERROR
DC -> ERROR
DD -> ERROR
DD TIMEOUT
DE -> ERROR
DE -> ERROR
DF -> ERROR
DF TIMEOUT
DG TIMEOUT
RESET!
RS -> ACK
ID -> C000S01130
DH TIMEOUT
RESET!
RS -> ACK
ID -> C000S01130
DI -> ERROR
DI -> ERROR
DJ -> ERROR
DJ TIMEOUT
DK -> ERROR
DK -> ERROR
DL -> ERROR
DL TIMEOUT
DM TIMEOUT
RESET!
RS -> ACK
ID -> C000S01130
DN TIMEOUT
RESET!
RS -> ACK
ID -> C000S01130
DO TIMEOUT
RESET!
RS -> ACK
ID -> C000S01130
DP -> ERROR
DP -> ERROR
DQ -> ERROR
DQ TIMEOUT
DR -> ERROR
DR -> ERROR
DS -> ERROR
DS -> ERROR
DT -> ERROR
DT TIMEOUT
DU TIMEOUT
RESET!
RS -> ACK
ID -> C000S01130
DV -> ERROR
DV -> ERROR
DW -> ERROR
DW TIMEOUT
DX TIMEOUT
RESET!
RS -> ACK
ID -> C000S01130
DY TIMEOUT
RESET!
RS -> ACK
ID -> C000S01130
DZ TIMEOUT
RESET!
RS -> ACK
ID -> C000S01130
EA -> ERROR
EA -> ERROR
EB -> ERROR
EB -> ERROR
EC -> ERROR
EC -> ERROR
ED -> ERROR
ED -> ERROR
EE -> ERROR
EE -> ERROR
EF -> ERROR
EF -> ERROR
EG -> ERROR
EG -> ERROR
EH -> ERROR
EH -> ERROR
EI -> ERROR
EI -> ERROR
EJ -> ERROR
EJ -> ERROR
EK -> ERROR
EK -> ERROR
EL -> ERROR
EL -> ERROR
EM -> ERROR
EM -> ERROR
EN -> ERROR
EN -> ERROR
EO -> ERROR
EO -> ERROR
EP -> ERROR
EP -> ERROR
EQ -> ERROR
EQ -> ERROR
ER -> ERROR
ER -> ERROR
ES -> ERROR
ES -> ERROR
ET -> ERROR
ET -> ERROR
EU -> ERROR
EU -> ERROR
EV -> ERROR
EV -> ERROR
EW -> ERROR
EW -> ERROR
EX -> ERROR
EX -> ERROR
EY -> ERROR
EY -> ERROR
EZ -> ERROR
EZ -> ERROR
FA -> ERROR
FA TIMEOUT
FB -> ERROR
FB -> ERROR
FC -> ERROR
FC -> ERROR
FD -> ERROR
FD TIMEOUT
FE -> ERROR
FE -> ERROR
FF -> ERROR
FF TIMEOUT
FG TIMEOUT
RESET!
RS -> ACK
ID -> C000S01130
FH TIMEOUT
RESET!
RS -> ACK
ID -> C000S01130
FI -> ERROR
FI -> ERROR
FJ -> ERROR
FJ TIMEOUT
FK -> ERROR
FK -> ERROR
FL -> ERROR
FL TIMEOUT
FM TIMEOUT
RESET!
RS -> ACK
ID -> C000S01130
FN TIMEOUT
RESET!
RS -> ACK
ID -> C000S01130
FO TIMEOUT
RESET!
RS -> ACK
ID -> C000S01130
FP -> ERROR
FP -> ERROR
FQ -> ERROR
FQ TIMEOUT
FR -> ERROR
FR -> ERROR
FS -> ERROR
FS -> ERROR
FT -> ERROR
FT TIMEOUT
FU TIMEOUT
RESET!
RS -> ACK
ID -> C000S01130
FV -> ERROR
FV -> ERROR
FW -> ERROR
FW TIMEOUT
FX TIMEOUT
RESET!
RS -> ACK
ID -> C000S01130
FY TIMEOUT
RESET!
RS -> ACK
ID -> C000S01130
FZ TIMEOUT
RESET!
RS -> ACK
ID -> C000S01130
GA TIMEOUT
RESET!
RS -> ACK
ID -> C000S01130
GB -> ERROR
GB -> ERROR
GC -> ERROR
GC -> ERROR
GD -> ERROR
GD TIMEOUT
GE -> ERROR
GE -> ERROR
GF -> ERROR
GF TIMEOUT
GG TIMEOUT
RESET!
RS -> ACK
ID -> C000S01130
GH TIMEOUT
RESET!
RS -> ACK
ID -> C000S01130
GI -> ERROR
GI -> ERROR
GJ -> ERROR
GJ TIMEOUT
GK -> ERROR
GK -> ERROR
GL -> ERROR
GL TIMEOUT
GM TIMEOUT
RESET!
RS -> ACK
ID -> C000S01130
GN TIMEOUT
RESET!
RS -> ACK
ID -> C000S01130
GO TIMEOUT
RESET!
RS -> ACK
ID -> C000S01130
GP -> ERROR
GP -> ERROR
GQ -> ERROR
GQ TIMEOUT
GR -> ERROR
GR -> ERROR
GS -> ERROR
GS -> ERROR
GT -> ERROR
GT TIMEOUT
GU TIMEOUT
RESET!
RS -> ACK
ID -> C000S01130
GV -> ERROR
GV -> ERROR
GW -> ERROR
GW TIMEOUT
GX TIMEOUT
RESET!
RS -> ACK
ID -> C000S01130
GY TIMEOUT
RESET!
RS -> ACK
ID -> C000S01130
GZ TIMEOUT
RESET!
RS -> ACK
ID -> C000S01130
HA TIMEOUT
RESET!
RS -> ACK
ID -> C000S01130
HB -> ERROR
HB -> ERROR
HC -> ERROR
HC -> ERROR
HD -> ERROR
HD TIMEOUT
HE -> ERROR
HE -> ERROR
HF -> ERROR
HF TIMEOUT
HG TIMEOUT
RESET!
RS -> ACK
ID -> C000S01130
HH TIMEOUT
RESET!
RS -> ACK
ID -> C000S01130
HI -> ERROR
HI -> ERROR
HJ -> ERROR
HJ TIMEOUT
HK -> ERROR
HK -> ERROR
HL -> ERROR
HL TIMEOUT
HM TIMEOUT
RESET!
RS -> ACK
ID -> C000S01130
HN TIMEOUT
RESET!
RS -> ACK
ID -> C000S01130
HO TIMEOUT
RESET!
RS -> ACK
ID -> C000S01130
HP -> ERROR
HP -> ERROR
HQ -> ERROR
HQ TIMEOUT
HR -> ERROR
HR -> ERROR
HS -> ERROR
HS -> ERROR
HT -> ERROR
HT TIMEOUT
HU TIMEOUT
RESET!
RS -> ACK
ID -> C000S01130
HV -> ERROR
HV -> ERROR
HW -> ERROR
HW TIMEOUT
HX TIMEOUT
RESET!
RS -> ACK
ID -> C000S01130
HY TIMEOUT
RESET!
RS -> ACK
ID -> C000S01130
HZ TIMEOUT
RESET!
RS -> ACK
ID -> C000S01130
IA -> ERROR
IA -> ERROR
IB -> ERROR
IB -> ERROR
IC -> ERROR
IC -> ERROR
ID -> ERROR
ID -> C000S01130
IE -> ERROR
IE -> ERROR
IF -> ERROR
IF -> ERROR
IG -> ERROR
IG -> ERROR
IH -> ERROR
IH -> ERROR
II -> ERROR
II -> ERROR
IJ -> ERROR
IJ -> ERROR
IK -> ERROR
IK -> ERROR
IL -> ERROR
IL -> ERROR
IM -> ERROR
IM -> ERROR
IN -> ERROR
IN -> ERROR
IO -> ERROR
IO -> ERROR
IP -> ERROR
IP -> ERROR
IQ -> ERROR
IQ -> ERROR
IR -> ERROR
IR -> ERROR
IS -> ERROR
IS -> ERROR
IT -> ERROR
IT -> ERROR
IU -> ERROR
IU -> ERROR
IV -> ERROR
IV -> ERROR
IW -> ERROR
IW -> ERROR
IX -> ERROR
IX -> ERROR
IY -> ERROR
IY -> ERROR
IZ -> ERROR
IZ -> ERROR
JA -> ERROR
JA TIMEOUT
JB -> ERROR
JB -> ERROR
JC -> ERROR
JC -> ERROR
JD -> ERROR
JD TIMEOUT
JE -> ERROR
JE -> ERROR
JF -> ERROR
JF TIMEOUT
JG TIMEOUT
RESET!
RS -> ACK
ID -> C000S01130
JH TIMEOUT
RESET!
RS -> ACK
ID -> C000S01130
JI -> ERROR
JI -> ERROR
JJ -> ERROR
JJ TIMEOUT
JK -> ERROR
JK -> ERROR
JL -> ERROR
JL TIMEOUT
JM TIMEOUT
RESET!
RS -> ACK
ID -> C000S01130
JN TIMEOUT
RESET!
RS -> ACK
ID -> C000S01130
JO TIMEOUT
RESET!
RS -> ACK
ID -> C000S01130
JP -> ERROR
JP -> ERROR
JQ -> ERROR
JQ TIMEOUT
JR -> ERROR
JR -> ERROR
JS -> ERROR
JS -> ERROR
JT -> ERROR
JT TIMEOUT
JU TIMEOUT
RESET!
RS -> ACK
ID -> C000S01130
JV -> ERROR
JV -> ERROR
JW -> ERROR
JW TIMEOUT
JX TIMEOUT
RESET!
RS -> ACK
ID -> C000S01130
JY TIMEOUT
RESET!
RS -> ACK
ID -> C000S01130
JZ TIMEOUT
RESET!
RS -> ACK
ID -> C000S01130
KA -> ERROR
KA -> ERROR
KB -> ERROR
KB -> ERROR
KC -> ERROR
KC -> ERROR
KD -> ERROR
KD -> ERROR
KE -> ERROR
KE -> ERROR
KF -> ERROR
KF -> ERROR
KG -> ERROR
KG -> ERROR
KH -> ERROR
KH -> ERROR
KI -> ERROR
KI -> ERROR
KJ -> ERROR
KJ -> ERROR
KK -> ERROR
KK -> ERROR
KL -> ERROR
KL -> ERROR
KM -> ERROR
KM -> ERROR
KN -> ERROR
KN -> ERROR
KO -> ERROR
KO -> ERROR
KP -> ERROR
KP -> ERROR
KQ -> ERROR
KQ -> ERROR
KR -> ERROR
KR -> ERROR
KS -> ERROR
KS -> ERROR
KT -> ERROR
KT -> ERROR
KU -> ERROR
KU -> ERROR
KV -> ERROR
KV -> ERROR
KW -> ERROR
KW -> ERROR
KX -> ERROR
KX -> ERROR
KY -> ERROR
KY -> ERROR
KZ -> ERROR
KZ -> ERROR
LA -> ERROR
LA TIMEOUT
LB -> ERROR
LB -> ERROR
LC -> ERROR
LC -> ERROR
LD -> ERROR
LD TIMEOUT
LE -> ERROR
LE -> ERROR
LF -> ERROR
LF TIMEOUT
LG TIMEOUT
RESET!
RS -> ACK
ID -> C000S01130
LH TIMEOUT
RESET!
RS -> ACK
ID -> C000S01130
LI -> ERROR
LI -> ERROR
LJ -> ERROR
LJ TIMEOUT
LK -> ERROR
LK -> ERROR
LL -> ERROR
LL TIMEOUT
LM TIMEOUT
RESET!
RS -> ACK
ID -> C000S01130
LN TIMEOUT
RESET!
RS -> ACK
ID -> C000S01130
LO TIMEOUT
RESET!
RS -> ACK
ID -> C000S01130
LP -> ERROR
LP -> ERROR
LQ -> ERROR
LQ TIMEOUT
LR -> ERROR
LR -> ERROR
LS -> ERROR
LS -> ERROR
LT -> ERROR
LT TIMEOUT
LU TIMEOUT
RESET!
RS -> ACK
ID -> C000S01130
LV -> ERROR
LV -> 